<?xml version="1.0" encoding="UTF-8"?>
<testng-results ignored="0" total="1" passed="1" failed="0" skipped="0">
  <reporter-output>
  </reporter-output>
  <suite started-at="2020-09-04T00:26:37Z" name="Default suite" finished-at="2020-09-04T00:27:07Z" duration-ms="29641">
    <groups>
    </groups>
    <test started-at="2020-09-04T00:26:37Z" name="Default test" finished-at="2020-09-04T00:27:07Z" duration-ms="29641">
      <class name="org.pack.Demo">
        <test-method is-config="true" signature="tc11()[pri:0, instance:org.pack.Demo@f0c8a99]" started-at="2020-09-04T00:26:37Z" name="tc11" finished-at="2020-09-04T00:26:41Z" duration-ms="3447" status="PASS">
          <reporter-output>
          </reporter-output>
        </test-method> <!-- tc11 -->
        <test-method signature="tc1()[pri:0, instance:org.pack.Demo@f0c8a99]" started-at="2020-09-04T00:26:41Z" name="tc1" finished-at="2020-09-04T00:27:07Z" duration-ms="26161" status="PASS">
          <reporter-output>
          </reporter-output>
        </test-method> <!-- tc1 -->
      </class> <!-- org.pack.Demo -->
    </test> <!-- Default test -->
  </suite> <!-- Default suite -->
</testng-results>
